0 info it worked if it ends with ok
1 verbose cli [ 'C:\\Program Files\\nodejs\\node.exe',
1 verbose cli   'C:\\Program Files\\nodejs\\node_modules\\npm\\bin\\npm-cli.js',
1 verbose cli   'i',
1 verbose cli   'bootstrap',
1 verbose cli   '--save' ]
2 info using npm@3.10.10
3 info using node@v6.11.3
4 silly loadCurrentTree Starting
5 silly install loadCurrentTree
6 silly install readLocalPackageData
7 silly fetchPackageMetaData bootstrap
8 silly fetchNamedPackageData bootstrap
9 silly mapToRegistry name bootstrap
10 silly mapToRegistry using default registry
11 silly mapToRegistry registry https://registry.npmjs.org/
12 silly mapToRegistry data Result {
12 silly mapToRegistry   raw: 'bootstrap',
12 silly mapToRegistry   scope: null,
12 silly mapToRegistry   escapedName: 'bootstrap',
12 silly mapToRegistry   name: 'bootstrap',
12 silly mapToRegistry   rawSpec: '',
12 silly mapToRegistry   spec: 'latest',
12 silly mapToRegistry   type: 'tag' }
13 silly mapToRegistry uri https://registry.npmjs.org/bootstrap
14 verbose request uri https://registry.npmjs.org/bootstrap
15 verbose request no auth needed
16 info attempt registry request try #1 at 14:42:16
17 verbose request id 46d7157b6f8b69c1
18 http request GET https://registry.npmjs.org/bootstrap
19 http 200 https://registry.npmjs.org/bootstrap
20 verbose headers { server: 'nginx/1.10.1',
20 verbose headers   'content-type': 'application/json',
20 verbose headers   'last-modified': 'Thu, 19 Oct 2017 19:27:11 GMT',
20 verbose headers   etag: 'W/"59e8fc8f-1057d"',
20 verbose headers   'content-encoding': 'gzip',
20 verbose headers   'cache-control': 'max-age=300',
20 verbose headers   'content-length': '12794',
20 verbose headers   'accept-ranges': 'bytes',
20 verbose headers   date: 'Mon, 23 Oct 2017 06:42:17 GMT',
20 verbose headers   via: '1.1 varnish',
20 verbose headers   age: '64',
20 verbose headers   connection: 'keep-alive',
20 verbose headers   'x-served-by': 'cache-hkg17928-HKG',
20 verbose headers   'x-cache': 'HIT',
20 verbose headers   'x-cache-hits': '1',
20 verbose headers   'x-timer': 'S1508740938.680173,VS0,VE0',
20 verbose headers   vary: 'Accept-Encoding, Accept' }
21 silly get cb [ 200,
21 silly get   { server: 'nginx/1.10.1',
21 silly get     'content-type': 'application/json',
21 silly get     'last-modified': 'Thu, 19 Oct 2017 19:27:11 GMT',
21 silly get     etag: 'W/"59e8fc8f-1057d"',
21 silly get     'content-encoding': 'gzip',
21 silly get     'cache-control': 'max-age=300',
21 silly get     'content-length': '12794',
21 silly get     'accept-ranges': 'bytes',
21 silly get     date: 'Mon, 23 Oct 2017 06:42:17 GMT',
21 silly get     via: '1.1 varnish',
21 silly get     age: '64',
21 silly get     connection: 'keep-alive',
21 silly get     'x-served-by': 'cache-hkg17928-HKG',
21 silly get     'x-cache': 'HIT',
21 silly get     'x-cache-hits': '1',
21 silly get     'x-timer': 'S1508740938.680173,VS0,VE0',
21 silly get     vary: 'Accept-Encoding, Accept' } ]
22 verbose get saving bootstrap to C:\Users\lenovo\AppData\Roaming\npm-cache\registry.npmjs.org\bootstrap\.cache.json
23 verbose correctMkdir C:\Users\lenovo\AppData\Roaming\npm-cache correctMkdir not in flight; initializing
24 silly install normalizeTree
25 silly loadCurrentTree Finishing
26 silly loadIdealTree Starting
27 silly install loadIdealTree
28 silly cloneCurrentTree Starting
29 silly install cloneCurrentTreeToIdealTree
30 silly cloneCurrentTree Finishing
31 silly loadShrinkwrap Starting
32 silly install loadShrinkwrap
33 silly loadShrinkwrap Finishing
34 silly loadAllDepsIntoIdealTree Starting
35 silly install loadAllDepsIntoIdealTree
36 silly resolveWithNewModule bootstrap@3.3.7 checking installable status
37 silly cache add args [ 'bootstrap', null ]
38 verbose cache add spec bootstrap
39 silly cache add parsed spec Result {
39 silly cache add   raw: 'bootstrap',
39 silly cache add   scope: null,
39 silly cache add   escapedName: 'bootstrap',
39 silly cache add   name: 'bootstrap',
39 silly cache add   rawSpec: '',
39 silly cache add   spec: 'latest',
39 silly cache add   type: 'tag' }
40 silly addNamed bootstrap@latest
41 verbose addNamed "latest" is being treated as a dist-tag for bootstrap
42 info addNameTag [ 'bootstrap', 'latest' ]
43 silly mapToRegistry name bootstrap
44 silly mapToRegistry using default registry
45 silly mapToRegistry registry https://registry.npmjs.org/
46 silly mapToRegistry data Result {
46 silly mapToRegistry   raw: 'bootstrap',
46 silly mapToRegistry   scope: null,
46 silly mapToRegistry   escapedName: 'bootstrap',
46 silly mapToRegistry   name: 'bootstrap',
46 silly mapToRegistry   rawSpec: '',
46 silly mapToRegistry   spec: 'latest',
46 silly mapToRegistry   type: 'tag' }
47 silly mapToRegistry uri https://registry.npmjs.org/bootstrap
48 verbose addNameTag registry:https://registry.npmjs.org/bootstrap not in flight; fetching
49 verbose get https://registry.npmjs.org/bootstrap not expired, no request
50 silly addNameTag next cb for bootstrap with tag latest
51 silly addNamed bootstrap@3.3.7
52 verbose addNamed "3.3.7" is a plain semver version for bootstrap
53 silly mapToRegistry name bootstrap
54 silly mapToRegistry using default registry
55 silly mapToRegistry registry https://registry.npmjs.org/
56 silly mapToRegistry data Result {
56 silly mapToRegistry   raw: 'bootstrap',
56 silly mapToRegistry   scope: null,
56 silly mapToRegistry   escapedName: 'bootstrap',
56 silly mapToRegistry   name: 'bootstrap',
56 silly mapToRegistry   rawSpec: '',
56 silly mapToRegistry   spec: 'latest',
56 silly mapToRegistry   type: 'tag' }
57 silly mapToRegistry uri https://registry.npmjs.org/bootstrap
58 verbose addRemoteTarball https://registry.npmjs.org/bootstrap/-/bootstrap-3.3.7.tgz not in flight; adding
59 verbose addRemoteTarball [ 'https://registry.npmjs.org/bootstrap/-/bootstrap-3.3.7.tgz',
59 verbose addRemoteTarball   '5a389394549f23330875a3b150656574f8a9eb71' ]
60 info retry fetch attempt 1 at 14:42:17
61 info attempt registry request try #1 at 14:42:17
62 http fetch GET https://registry.npmjs.org/bootstrap/-/bootstrap-3.3.7.tgz
63 http fetch 200 https://registry.npmjs.org/bootstrap/-/bootstrap-3.3.7.tgz
64 silly fetchAndShaCheck shasum 5a389394549f23330875a3b150656574f8a9eb71
65 verbose addTmpTarball C:\Users\lenovo\AppData\Local\Temp\npm-1920-8ee2c014\registry.npmjs.org\bootstrap\-\bootstrap-3.3.7.tgz not in flight; adding
66 verbose addTmpTarball already have metadata; skipping unpack for bootstrap@3.3.7
67 verbose correctMkdir C:\Users\lenovo\AppData\Roaming\npm-cache correctMkdir not in flight; initializing
68 silly cache afterAdd bootstrap@3.3.7
69 verbose afterAdd C:\Users\lenovo\AppData\Roaming\npm-cache\bootstrap\3.3.7\package\package.json not in flight; writing
70 verbose correctMkdir C:\Users\lenovo\AppData\Roaming\npm-cache correctMkdir not in flight; initializing
71 verbose afterAdd C:\Users\lenovo\AppData\Roaming\npm-cache\bootstrap\3.3.7\package\package.json written
72 silly loadAllDepsIntoIdealTree Finishing
73 silly loadIdealTree Finishing
74 silly currentTree hmx@0.0.0
74 silly currentTree +-- accepts@1.3.4
74 silly currentTree +-- acorn-globals@1.0.9
74 silly currentTree +-- acorn@2.7.0
74 silly currentTree +-- align-text@0.1.4
74 silly currentTree +-- amdefine@1.0.1
74 silly currentTree +-- array-flatten@1.1.1
74 silly currentTree +-- asap@1.0.0
74 silly currentTree +-- basic-auth@2.0.0
74 silly currentTree +-- body-parser@1.18.2
74 silly currentTree +-- bytes@3.0.0
74 silly currentTree +-- camelcase@1.2.1
74 silly currentTree +-- center-align@0.1.3
74 silly currentTree +-- character-parser@1.2.1
74 silly currentTree +-- clean-css@3.4.28
74 silly currentTree | `-- commander@2.8.1
74 silly currentTree +-- cliui@2.1.0
74 silly currentTree | `-- wordwrap@0.0.2
74 silly currentTree +-- commander@2.6.0
74 silly currentTree +-- constantinople@3.0.2
74 silly currentTree +-- content-disposition@0.5.2
74 silly currentTree +-- content-type@1.0.4
74 silly currentTree +-- cookie-parser@1.4.3
74 silly currentTree +-- cookie-signature@1.0.6
74 silly currentTree +-- cookie@0.3.1
74 silly currentTree +-- css-parse@1.0.4
74 silly currentTree +-- css-stringify@1.0.5
74 silly currentTree +-- css@1.0.8
74 silly currentTree +-- debug@2.6.9
74 silly currentTree +-- decamelize@1.2.0
74 silly currentTree +-- depd@1.1.1
74 silly currentTree +-- destroy@1.0.4
74 silly currentTree +-- ee-first@1.1.1
74 silly currentTree +-- encodeurl@1.0.1
74 silly currentTree +-- escape-html@1.0.3
74 silly currentTree +-- etag@1.8.1
74 silly currentTree +-- express@4.15.5
74 silly currentTree | +-- qs@6.5.0
74 silly currentTree | `-- statuses@1.3.1
74 silly currentTree +-- finalhandler@1.0.6
74 silly currentTree | `-- statuses@1.3.1
74 silly currentTree +-- forwarded@0.1.2
74 silly currentTree +-- fresh@0.5.2
74 silly currentTree +-- graceful-readlink@1.0.1
74 silly currentTree +-- http-errors@1.6.2
74 silly currentTree +-- iconv-lite@0.4.19
74 silly currentTree +-- inherits@2.0.3
74 silly currentTree +-- ipaddr.js@1.4.0
74 silly currentTree +-- is-buffer@1.1.5
74 silly currentTree +-- is-promise@2.1.0
74 silly currentTree +-- jade@1.11.0
74 silly currentTree +-- jstransformer@0.0.2
74 silly currentTree +-- kind-of@3.2.2
74 silly currentTree +-- lazy-cache@1.0.4
74 silly currentTree +-- longest@1.0.1
74 silly currentTree +-- media-typer@0.3.0
74 silly currentTree +-- merge-descriptors@1.0.1
74 silly currentTree +-- methods@1.1.2
74 silly currentTree +-- mime-db@1.30.0
74 silly currentTree +-- mime-types@2.1.17
74 silly currentTree +-- mime@1.3.4
74 silly currentTree +-- minimist@0.0.8
74 silly currentTree +-- mkdirp@0.5.1
74 silly currentTree +-- morgan@1.9.0
74 silly currentTree +-- ms@2.0.0
74 silly currentTree +-- negotiator@0.6.1
74 silly currentTree +-- on-finished@2.3.0
74 silly currentTree +-- on-headers@1.0.1
74 silly currentTree +-- optimist@0.3.7
74 silly currentTree +-- parseurl@1.3.2
74 silly currentTree +-- path-to-regexp@0.1.7
74 silly currentTree +-- promise@6.1.0
74 silly currentTree +-- proxy-addr@1.1.5
74 silly currentTree +-- qs@6.5.1
74 silly currentTree +-- range-parser@1.2.0
74 silly currentTree +-- raw-body@2.3.2
74 silly currentTree +-- repeat-string@1.6.1
74 silly currentTree +-- right-align@0.1.3
74 silly currentTree +-- safe-buffer@5.1.1
74 silly currentTree +-- send@0.15.6
74 silly currentTree | `-- statuses@1.3.1
74 silly currentTree +-- serve-favicon@2.4.5
74 silly currentTree +-- serve-static@1.12.6
74 silly currentTree +-- setprototypeof@1.0.3
74 silly currentTree +-- source-map@0.4.4
74 silly currentTree +-- statuses@1.4.0
74 silly currentTree +-- transformers@2.1.0
74 silly currentTree | +-- is-promise@1.0.1
74 silly currentTree | +-- promise@2.0.0
74 silly currentTree | +-- source-map@0.1.43
74 silly currentTree | `-- uglify-js@2.2.5
74 silly currentTree +-- type-is@1.6.15
74 silly currentTree +-- uglify-js@2.8.29
74 silly currentTree | `-- source-map@0.5.7
74 silly currentTree +-- uglify-to-browserify@1.0.2
74 silly currentTree +-- unpipe@1.0.0
74 silly currentTree +-- utils-merge@1.0.0
74 silly currentTree +-- vary@1.1.2
74 silly currentTree +-- void-elements@2.0.1
74 silly currentTree +-- window-size@0.1.0
74 silly currentTree +-- with@4.0.3
74 silly currentTree | `-- acorn@1.2.2
74 silly currentTree +-- wordwrap@0.0.3
74 silly currentTree `-- yargs@3.10.0
75 silly idealTree hmx@0.0.0
75 silly idealTree +-- accepts@1.3.4
75 silly idealTree +-- acorn-globals@1.0.9
75 silly idealTree +-- acorn@2.7.0
75 silly idealTree +-- align-text@0.1.4
75 silly idealTree +-- amdefine@1.0.1
75 silly idealTree +-- array-flatten@1.1.1
75 silly idealTree +-- asap@1.0.0
75 silly idealTree +-- basic-auth@2.0.0
75 silly idealTree +-- body-parser@1.18.2
75 silly idealTree +-- bootstrap@3.3.7
75 silly idealTree +-- bytes@3.0.0
75 silly idealTree +-- camelcase@1.2.1
75 silly idealTree +-- center-align@0.1.3
75 silly idealTree +-- character-parser@1.2.1
75 silly idealTree +-- clean-css@3.4.28
75 silly idealTree | `-- commander@2.8.1
75 silly idealTree +-- cliui@2.1.0
75 silly idealTree | `-- wordwrap@0.0.2
75 silly idealTree +-- commander@2.6.0
75 silly idealTree +-- constantinople@3.0.2
75 silly idealTree +-- content-disposition@0.5.2
75 silly idealTree +-- content-type@1.0.4
75 silly idealTree +-- cookie-parser@1.4.3
75 silly idealTree +-- cookie-signature@1.0.6
75 silly idealTree +-- cookie@0.3.1
75 silly idealTree +-- css-parse@1.0.4
75 silly idealTree +-- css-stringify@1.0.5
75 silly idealTree +-- css@1.0.8
75 silly idealTree +-- debug@2.6.9
75 silly idealTree +-- decamelize@1.2.0
75 silly idealTree +-- depd@1.1.1
75 silly idealTree +-- destroy@1.0.4
75 silly idealTree +-- ee-first@1.1.1
75 silly idealTree +-- encodeurl@1.0.1
75 silly idealTree +-- escape-html@1.0.3
75 silly idealTree +-- etag@1.8.1
75 silly idealTree +-- express@4.15.5
75 silly idealTree | +-- qs@6.5.0
75 silly idealTree | `-- statuses@1.3.1
75 silly idealTree +-- finalhandler@1.0.6
75 silly idealTree | `-- statuses@1.3.1
75 silly idealTree +-- forwarded@0.1.2
75 silly idealTree +-- fresh@0.5.2
75 silly idealTree +-- graceful-readlink@1.0.1
75 silly idealTree +-- http-errors@1.6.2
75 silly idealTree +-- iconv-lite@0.4.19
75 silly idealTree +-- inherits@2.0.3
75 silly idealTree +-- ipaddr.js@1.4.0
75 silly idealTree +-- is-buffer@1.1.5
75 silly idealTree +-- is-promise@2.1.0
75 silly idealTree +-- jade@1.11.0
75 silly idealTree +-- jstransformer@0.0.2
75 silly idealTree +-- kind-of@3.2.2
75 silly idealTree +-- lazy-cache@1.0.4
75 silly idealTree +-- longest@1.0.1
75 silly idealTree +-- media-typer@0.3.0
75 silly idealTree +-- merge-descriptors@1.0.1
75 silly idealTree +-- methods@1.1.2
75 silly idealTree +-- mime-db@1.30.0
75 silly idealTree +-- mime-types@2.1.17
75 silly idealTree +-- mime@1.3.4
75 silly idealTree +-- minimist@0.0.8
75 silly idealTree +-- mkdirp@0.5.1
75 silly idealTree +-- morgan@1.9.0
75 silly idealTree +-- ms@2.0.0
75 silly idealTree +-- negotiator@0.6.1
75 silly idealTree +-- on-finished@2.3.0
75 silly idealTree +-- on-headers@1.0.1
75 silly idealTree +-- optimist@0.3.7
75 silly idealTree +-- parseurl@1.3.2
75 silly idealTree +-- path-to-regexp@0.1.7
75 silly idealTree +-- promise@6.1.0
75 silly idealTree +-- proxy-addr@1.1.5
75 silly idealTree +-- qs@6.5.1
75 silly idealTree +-- range-parser@1.2.0
75 silly idealTree +-- raw-body@2.3.2
75 silly idealTree +-- repeat-string@1.6.1
75 silly idealTree +-- right-align@0.1.3
75 silly idealTree +-- safe-buffer@5.1.1
75 silly idealTree +-- send@0.15.6
75 silly idealTree | `-- statuses@1.3.1
75 silly idealTree +-- serve-favicon@2.4.5
75 silly idealTree +-- serve-static@1.12.6
75 silly idealTree +-- setprototypeof@1.0.3
75 silly idealTree +-- source-map@0.4.4
75 silly idealTree +-- statuses@1.4.0
75 silly idealTree +-- transformers@2.1.0
75 silly idealTree | +-- is-promise@1.0.1
75 silly idealTree | +-- promise@2.0.0
75 silly idealTree | +-- source-map@0.1.43
75 silly idealTree | `-- uglify-js@2.2.5
75 silly idealTree +-- type-is@1.6.15
75 silly idealTree +-- uglify-js@2.8.29
75 silly idealTree | `-- source-map@0.5.7
75 silly idealTree +-- uglify-to-browserify@1.0.2
75 silly idealTree +-- unpipe@1.0.0
75 silly idealTree +-- utils-merge@1.0.0
75 silly idealTree +-- vary@1.1.2
75 silly idealTree +-- void-elements@2.0.1
75 silly idealTree +-- window-size@0.1.0
75 silly idealTree +-- with@4.0.3
75 silly idealTree | `-- acorn@1.2.2
75 silly idealTree +-- wordwrap@0.0.3
75 silly idealTree `-- yargs@3.10.0
76 silly generateActionsToTake Starting
77 silly install generateActionsToTake
78 silly generateActionsToTake Finishing
79 silly diffTrees action count 1
80 silly diffTrees add bootstrap@3.3.7
81 silly decomposeActions action count 8
82 silly decomposeActions fetch bootstrap@3.3.7
83 silly decomposeActions extract bootstrap@3.3.7
84 silly decomposeActions test bootstrap@3.3.7
85 silly decomposeActions preinstall bootstrap@3.3.7
86 silly decomposeActions build bootstrap@3.3.7
87 silly decomposeActions install bootstrap@3.3.7
88 silly decomposeActions postinstall bootstrap@3.3.7
89 silly decomposeActions finalize bootstrap@3.3.7
90 silly runTopLevelLifecycles Starting
91 silly executeActions Starting
92 silly install executeActions
93 silly doSerial global-install 0
94 silly doParallel fetch 1
95 verbose correctMkdir C:\Users\lenovo\AppData\Roaming\npm-cache\_locks correctMkdir not in flight; initializing
96 verbose lock using C:\Users\lenovo\AppData\Roaming\npm-cache\_locks\staging-888ca2eea50bdf9a.lock for C:\Users\lenovo\Desktop\node\hmx\hmx\node_modules\.staging
97 silly doParallel extract 1
98 silly extract bootstrap@3.3.7
99 verbose unbuild node_modules\.staging\bootstrap-4521cbfb
100 silly gentlyRm C:\Users\lenovo\Desktop\node\hmx\hmx\node_modules\.staging\bootstrap-4521cbfb is being purged from base C:\Users\lenovo\Desktop\node\hmx\hmx
101 verbose gentlyRm don't care about contents; nuking C:\Users\lenovo\Desktop\node\hmx\hmx\node_modules\.staging\bootstrap-4521cbfb
102 verbose tar unpack C:\Users\lenovo\AppData\Roaming\npm-cache\bootstrap\3.3.7\package.tgz
103 verbose tar unpacking to C:\Users\lenovo\Desktop\node\hmx\hmx\node_modules\.staging\bootstrap-4521cbfb
104 silly gentlyRm C:\Users\lenovo\Desktop\node\hmx\hmx\node_modules\.staging\bootstrap-4521cbfb is being purged
105 verbose gentlyRm don't care about contents; nuking C:\Users\lenovo\Desktop\node\hmx\hmx\node_modules\.staging\bootstrap-4521cbfb
106 silly gunzTarPerm modes [ '777', '666' ]
107 silly gunzTarPerm extractEntry package.json
108 silly gunzTarPerm modified mode [ 'package.json', 420, 438 ]
109 silly gunzTarPerm extractEntry README.md
110 silly gunzTarPerm modified mode [ 'README.md', 420, 438 ]
111 silly gunzTarPerm extractEntry LICENSE
112 silly gunzTarPerm modified mode [ 'LICENSE', 420, 438 ]
113 silly gunzTarPerm extractEntry Gruntfile.js
114 silly gunzTarPerm modified mode [ 'Gruntfile.js', 420, 438 ]
115 silly gunzTarPerm extractEntry CHANGELOG.md
116 silly gunzTarPerm modified mode [ 'CHANGELOG.md', 420, 438 ]
117 silly gunzTarPerm extractEntry dist/css/bootstrap-theme.css
118 silly gunzTarPerm modified mode [ 'dist/css/bootstrap-theme.css', 420, 438 ]
119 silly gunzTarPerm extractEntry dist/css/bootstrap-theme.css.map
120 silly gunzTarPerm modified mode [ 'dist/css/bootstrap-theme.css.map', 420, 438 ]
121 silly gunzTarPerm extractEntry dist/css/bootstrap-theme.min.css
122 silly gunzTarPerm modified mode [ 'dist/css/bootstrap-theme.min.css', 420, 438 ]
123 silly gunzTarPerm extractEntry dist/css/bootstrap-theme.min.css.map
124 silly gunzTarPerm modified mode [ 'dist/css/bootstrap-theme.min.css.map', 420, 438 ]
125 silly gunzTarPerm extractEntry dist/css/bootstrap.css
126 silly gunzTarPerm modified mode [ 'dist/css/bootstrap.css', 420, 438 ]
127 silly gunzTarPerm extractEntry dist/css/bootstrap.css.map
128 silly gunzTarPerm modified mode [ 'dist/css/bootstrap.css.map', 420, 438 ]
129 silly gunzTarPerm extractEntry dist/css/bootstrap.min.css
130 silly gunzTarPerm modified mode [ 'dist/css/bootstrap.min.css', 420, 438 ]
131 silly gunzTarPerm extractEntry dist/css/bootstrap.min.css.map
132 silly gunzTarPerm modified mode [ 'dist/css/bootstrap.min.css.map', 420, 438 ]
133 silly gunzTarPerm extractEntry dist/fonts/glyphicons-halflings-regular.eot
134 silly gunzTarPerm modified mode [ 'dist/fonts/glyphicons-halflings-regular.eot', 420, 438 ]
135 silly gunzTarPerm extractEntry dist/fonts/glyphicons-halflings-regular.svg
136 silly gunzTarPerm modified mode [ 'dist/fonts/glyphicons-halflings-regular.svg', 420, 438 ]
137 silly gunzTarPerm extractEntry dist/fonts/glyphicons-halflings-regular.ttf
138 silly gunzTarPerm modified mode [ 'dist/fonts/glyphicons-halflings-regular.ttf', 420, 438 ]
139 silly gunzTarPerm extractEntry dist/fonts/glyphicons-halflings-regular.woff
140 silly gunzTarPerm modified mode [ 'dist/fonts/glyphicons-halflings-regular.woff', 420, 438 ]
141 silly gunzTarPerm extractEntry dist/fonts/glyphicons-halflings-regular.woff2
142 silly gunzTarPerm modified mode [ 'dist/fonts/glyphicons-halflings-regular.woff2', 420, 438 ]
143 silly gunzTarPerm extractEntry dist/js/bootstrap.js
144 silly gunzTarPerm modified mode [ 'dist/js/bootstrap.js', 420, 438 ]
145 silly gunzTarPerm extractEntry dist/js/bootstrap.min.js
146 silly gunzTarPerm modified mode [ 'dist/js/bootstrap.min.js', 420, 438 ]
147 silly gunzTarPerm extractEntry dist/js/npm.js
148 silly gunzTarPerm modified mode [ 'dist/js/npm.js', 420, 438 ]
149 silly gunzTarPerm extractEntry fonts/glyphicons-halflings-regular.eot
150 silly gunzTarPerm modified mode [ 'fonts/glyphicons-halflings-regular.eot', 420, 438 ]
151 silly gunzTarPerm extractEntry fonts/glyphicons-halflings-regular.svg
152 silly gunzTarPerm modified mode [ 'fonts/glyphicons-halflings-regular.svg', 420, 438 ]
153 silly gunzTarPerm extractEntry fonts/glyphicons-halflings-regular.ttf
154 silly gunzTarPerm modified mode [ 'fonts/glyphicons-halflings-regular.ttf', 420, 438 ]
155 silly gunzTarPerm extractEntry fonts/glyphicons-halflings-regular.woff
156 silly gunzTarPerm modified mode [ 'fonts/glyphicons-halflings-regular.woff', 420, 438 ]
157 silly gunzTarPerm extractEntry fonts/glyphicons-halflings-regular.woff2
158 silly gunzTarPerm modified mode [ 'fonts/glyphicons-halflings-regular.woff2', 420, 438 ]
159 silly gunzTarPerm extractEntry grunt/bs-commonjs-generator.js
160 silly gunzTarPerm modified mode [ 'grunt/bs-commonjs-generator.js', 420, 438 ]
161 silly gunzTarPerm extractEntry grunt/bs-glyphicons-data-generator.js
162 silly gunzTarPerm modified mode [ 'grunt/bs-glyphicons-data-generator.js', 420, 438 ]
163 silly gunzTarPerm extractEntry grunt/bs-lessdoc-parser.js
164 silly gunzTarPerm modified mode [ 'grunt/bs-lessdoc-parser.js', 420, 438 ]
165 silly gunzTarPerm extractEntry grunt/bs-raw-files-generator.js
166 silly gunzTarPerm modified mode [ 'grunt/bs-raw-files-generator.js', 420, 438 ]
167 silly gunzTarPerm extractEntry grunt/change-version.js
168 silly gunzTarPerm modified mode [ 'grunt/change-version.js', 493, 511 ]
169 silly gunzTarPerm extractEntry grunt/.jshintrc
170 silly gunzTarPerm modified mode [ 'grunt/.jshintrc', 420, 438 ]
171 silly gunzTarPerm extractEntry grunt/configBridge.json
172 silly gunzTarPerm modified mode [ 'grunt/configBridge.json', 420, 438 ]
173 silly gunzTarPerm extractEntry grunt/npm-shrinkwrap.json
174 silly gunzTarPerm modified mode [ 'grunt/npm-shrinkwrap.json', 420, 438 ]
175 silly gunzTarPerm extractEntry grunt/sauce_browsers.yml
176 silly gunzTarPerm modified mode [ 'grunt/sauce_browsers.yml', 420, 438 ]
177 silly gunzTarPerm extractEntry js/affix.js
178 silly gunzTarPerm modified mode [ 'js/affix.js', 420, 438 ]
179 silly gunzTarPerm extractEntry js/button.js
180 silly gunzTarPerm modified mode [ 'js/button.js', 420, 438 ]
181 silly gunzTarPerm extractEntry js/carousel.js
182 silly gunzTarPerm modified mode [ 'js/carousel.js', 420, 438 ]
183 silly gunzTarPerm extractEntry js/collapse.js
184 silly gunzTarPerm modified mode [ 'js/collapse.js', 420, 438 ]
185 silly gunzTarPerm extractEntry js/dropdown.js
186 silly gunzTarPerm modified mode [ 'js/dropdown.js', 420, 438 ]
187 silly gunzTarPerm extractEntry js/alert.js
188 silly gunzTarPerm modified mode [ 'js/alert.js', 420, 438 ]
189 silly gunzTarPerm extractEntry js/popover.js
190 silly gunzTarPerm modified mode [ 'js/popover.js', 420, 438 ]
191 silly gunzTarPerm extractEntry js/scrollspy.js
192 silly gunzTarPerm modified mode [ 'js/scrollspy.js', 420, 438 ]
193 silly gunzTarPerm extractEntry js/tab.js
194 silly gunzTarPerm modified mode [ 'js/tab.js', 420, 438 ]
195 silly gunzTarPerm extractEntry js/tooltip.js
196 silly gunzTarPerm modified mode [ 'js/tooltip.js', 420, 438 ]
197 silly gunzTarPerm extractEntry js/transition.js
198 silly gunzTarPerm modified mode [ 'js/transition.js', 420, 438 ]
199 silly gunzTarPerm extractEntry js/modal.js
200 silly gunzTarPerm modified mode [ 'js/modal.js', 420, 438 ]
201 silly gunzTarPerm extractEntry less/mixins.less
202 silly gunzTarPerm modified mode [ 'less/mixins.less', 420, 438 ]
203 silly gunzTarPerm extractEntry less/alerts.less
204 silly gunzTarPerm modified mode [ 'less/alerts.less', 420, 438 ]
205 silly gunzTarPerm extractEntry less/badges.less
206 silly gunzTarPerm modified mode [ 'less/badges.less', 420, 438 ]
207 silly gunzTarPerm extractEntry less/bootstrap.less
208 silly gunzTarPerm modified mode [ 'less/bootstrap.less', 420, 438 ]
209 silly gunzTarPerm extractEntry less/breadcrumbs.less
210 silly gunzTarPerm modified mode [ 'less/breadcrumbs.less', 420, 438 ]
211 silly gunzTarPerm extractEntry less/button-groups.less
212 silly gunzTarPerm modified mode [ 'less/button-groups.less', 420, 438 ]
213 silly gunzTarPerm extractEntry less/buttons.less
214 silly gunzTarPerm modified mode [ 'less/buttons.less', 420, 438 ]
215 silly gunzTarPerm extractEntry less/carousel.less
216 silly gunzTarPerm modified mode [ 'less/carousel.less', 420, 438 ]
217 silly gunzTarPerm extractEntry less/close.less
218 silly gunzTarPerm modified mode [ 'less/close.less', 420, 438 ]
219 silly gunzTarPerm extractEntry less/code.less
220 silly gunzTarPerm modified mode [ 'less/code.less', 420, 438 ]
221 silly gunzTarPerm extractEntry less/component-animations.less
222 silly gunzTarPerm modified mode [ 'less/component-animations.less', 420, 438 ]
223 silly gunzTarPerm extractEntry less/dropdowns.less
224 silly gunzTarPerm modified mode [ 'less/dropdowns.less', 420, 438 ]
225 silly gunzTarPerm extractEntry less/forms.less
226 silly gunzTarPerm modified mode [ 'less/forms.less', 420, 438 ]
227 silly gunzTarPerm extractEntry less/glyphicons.less
228 silly gunzTarPerm modified mode [ 'less/glyphicons.less', 420, 438 ]
229 silly gunzTarPerm extractEntry less/grid.less
230 silly gunzTarPerm modified mode [ 'less/grid.less', 420, 438 ]
231 silly gunzTarPerm extractEntry less/input-groups.less
232 silly gunzTarPerm modified mode [ 'less/input-groups.less', 420, 438 ]
233 silly gunzTarPerm extractEntry less/jumbotron.less
234 silly gunzTarPerm modified mode [ 'less/jumbotron.less', 420, 438 ]
235 silly gunzTarPerm extractEntry less/labels.less
236 silly gunzTarPerm modified mode [ 'less/labels.less', 420, 438 ]
237 silly gunzTarPerm extractEntry less/list-group.less
238 silly gunzTarPerm modified mode [ 'less/list-group.less', 420, 438 ]
239 silly gunzTarPerm extractEntry less/media.less
240 silly gunzTarPerm modified mode [ 'less/media.less', 420, 438 ]
241 silly gunzTarPerm extractEntry less/mixins/nav-vertical-align.less
242 silly gunzTarPerm modified mode [ 'less/mixins/nav-vertical-align.less', 420, 438 ]
243 silly gunzTarPerm extractEntry less/mixins/alerts.less
244 silly gunzTarPerm modified mode [ 'less/mixins/alerts.less', 420, 438 ]
245 silly gunzTarPerm extractEntry less/mixins/border-radius.less
246 silly gunzTarPerm modified mode [ 'less/mixins/border-radius.less', 420, 438 ]
247 silly gunzTarPerm extractEntry less/mixins/buttons.less
248 silly gunzTarPerm modified mode [ 'less/mixins/buttons.less', 420, 438 ]
249 silly gunzTarPerm extractEntry less/mixins/center-block.less
250 silly gunzTarPerm modified mode [ 'less/mixins/center-block.less', 420, 438 ]
251 silly gunzTarPerm extractEntry less/mixins/clearfix.less
252 silly gunzTarPerm modified mode [ 'less/mixins/clearfix.less', 420, 438 ]
253 silly gunzTarPerm extractEntry less/mixins/forms.less
254 silly gunzTarPerm modified mode [ 'less/mixins/forms.less', 420, 438 ]
255 silly gunzTarPerm extractEntry less/mixins/gradients.less
256 silly gunzTarPerm modified mode [ 'less/mixins/gradients.less', 420, 438 ]
257 silly gunzTarPerm extractEntry less/mixins/grid-framework.less
258 silly gunzTarPerm modified mode [ 'less/mixins/grid-framework.less', 420, 438 ]
259 silly gunzTarPerm extractEntry less/mixins/grid.less
260 silly gunzTarPerm modified mode [ 'less/mixins/grid.less', 420, 438 ]
261 silly gunzTarPerm extractEntry less/mixins/hide-text.less
262 silly gunzTarPerm modified mode [ 'less/mixins/hide-text.less', 420, 438 ]
263 silly gunzTarPerm extractEntry less/mixins/image.less
264 silly gunzTarPerm modified mode [ 'less/mixins/image.less', 420, 438 ]
265 silly gunzTarPerm extractEntry less/mixins/labels.less
266 silly gunzTarPerm modified mode [ 'less/mixins/labels.less', 420, 438 ]
267 silly gunzTarPerm extractEntry less/mixins/list-group.less
268 silly gunzTarPerm modified mode [ 'less/mixins/list-group.less', 420, 438 ]
269 silly gunzTarPerm extractEntry less/mixins/nav-divider.less
270 silly gunzTarPerm modified mode [ 'less/mixins/nav-divider.less', 420, 438 ]
271 silly gunzTarPerm extractEntry less/mixins/background-variant.less
272 silly gunzTarPerm modified mode [ 'less/mixins/background-variant.less', 420, 438 ]
273 silly gunzTarPerm extractEntry less/mixins/opacity.less
274 silly gunzTarPerm modified mode [ 'less/mixins/opacity.less', 420, 438 ]
275 silly gunzTarPerm extractEntry less/mixins/pagination.less
276 silly gunzTarPerm modified mode [ 'less/mixins/pagination.less', 420, 438 ]
277 silly gunzTarPerm extractEntry less/mixins/panels.less
278 silly gunzTarPerm modified mode [ 'less/mixins/panels.less', 420, 438 ]
279 silly gunzTarPerm extractEntry less/mixins/progress-bar.less
280 silly gunzTarPerm modified mode [ 'less/mixins/progress-bar.less', 420, 438 ]
281 silly gunzTarPerm extractEntry less/mixins/reset-filter.less
282 silly gunzTarPerm modified mode [ 'less/mixins/reset-filter.less', 420, 438 ]
283 silly gunzTarPerm extractEntry less/mixins/reset-text.less
284 silly gunzTarPerm modified mode [ 'less/mixins/reset-text.less', 420, 438 ]
285 silly gunzTarPerm extractEntry less/mixins/resize.less
286 silly gunzTarPerm modified mode [ 'less/mixins/resize.less', 420, 438 ]
287 silly gunzTarPerm extractEntry less/mixins/responsive-visibility.less
288 silly gunzTarPerm modified mode [ 'less/mixins/responsive-visibility.less', 420, 438 ]
289 silly gunzTarPerm extractEntry less/mixins/size.less
290 silly gunzTarPerm modified mode [ 'less/mixins/size.less', 420, 438 ]
291 silly gunzTarPerm extractEntry less/mixins/tab-focus.less
292 silly gunzTarPerm modified mode [ 'less/mixins/tab-focus.less', 420, 438 ]
293 silly gunzTarPerm extractEntry less/mixins/table-row.less
294 silly gunzTarPerm modified mode [ 'less/mixins/table-row.less', 420, 438 ]
295 silly gunzTarPerm extractEntry less/mixins/text-emphasis.less
296 silly gunzTarPerm modified mode [ 'less/mixins/text-emphasis.less', 420, 438 ]
297 silly gunzTarPerm extractEntry less/mixins/text-overflow.less
298 silly gunzTarPerm modified mode [ 'less/mixins/text-overflow.less', 420, 438 ]
299 silly gunzTarPerm extractEntry less/mixins/vendor-prefixes.less
300 silly gunzTarPerm modified mode [ 'less/mixins/vendor-prefixes.less', 420, 438 ]
301 silly gunzTarPerm extractEntry less/modals.less
302 silly gunzTarPerm modified mode [ 'less/modals.less', 420, 438 ]
303 silly gunzTarPerm extractEntry less/navbar.less
304 silly gunzTarPerm modified mode [ 'less/navbar.less', 420, 438 ]
305 silly gunzTarPerm extractEntry less/navs.less
306 silly gunzTarPerm modified mode [ 'less/navs.less', 420, 438 ]
307 silly gunzTarPerm extractEntry less/normalize.less
308 silly gunzTarPerm modified mode [ 'less/normalize.less', 420, 438 ]
309 silly gunzTarPerm extractEntry less/pager.less
310 silly gunzTarPerm modified mode [ 'less/pager.less', 420, 438 ]
311 silly gunzTarPerm extractEntry less/pagination.less
312 silly gunzTarPerm modified mode [ 'less/pagination.less', 420, 438 ]
313 silly gunzTarPerm extractEntry less/panels.less
314 silly gunzTarPerm modified mode [ 'less/panels.less', 420, 438 ]
315 silly gunzTarPerm extractEntry less/popovers.less
316 silly gunzTarPerm modified mode [ 'less/popovers.less', 420, 438 ]
317 silly gunzTarPerm extractEntry less/print.less
318 silly gunzTarPerm modified mode [ 'less/print.less', 420, 438 ]
319 silly gunzTarPerm extractEntry less/progress-bars.less
320 silly gunzTarPerm modified mode [ 'less/progress-bars.less', 420, 438 ]
321 silly gunzTarPerm extractEntry less/responsive-embed.less
322 silly gunzTarPerm modified mode [ 'less/responsive-embed.less', 420, 438 ]
323 silly gunzTarPerm extractEntry less/responsive-utilities.less
324 silly gunzTarPerm modified mode [ 'less/responsive-utilities.less', 420, 438 ]
325 silly gunzTarPerm extractEntry less/scaffolding.less
326 silly gunzTarPerm modified mode [ 'less/scaffolding.less', 420, 438 ]
327 silly gunzTarPerm extractEntry less/tables.less
328 silly gunzTarPerm modified mode [ 'less/tables.less', 420, 438 ]
329 silly gunzTarPerm extractEntry less/theme.less
330 silly gunzTarPerm modified mode [ 'less/theme.less', 420, 438 ]
331 silly gunzTarPerm extractEntry less/thumbnails.less
332 silly gunzTarPerm modified mode [ 'less/thumbnails.less', 420, 438 ]
333 silly gunzTarPerm extractEntry less/tooltip.less
334 silly gunzTarPerm modified mode [ 'less/tooltip.less', 420, 438 ]
335 silly gunzTarPerm extractEntry less/type.less
336 silly gunzTarPerm modified mode [ 'less/type.less', 420, 438 ]
337 silly gunzTarPerm extractEntry less/utilities.less
338 silly gunzTarPerm modified mode [ 'less/utilities.less', 420, 438 ]
339 silly gunzTarPerm extractEntry less/variables.less
340 silly gunzTarPerm modified mode [ 'less/variables.less', 420, 438 ]
341 silly gunzTarPerm extractEntry less/wells.less
342 silly gunzTarPerm modified mode [ 'less/wells.less', 420, 438 ]
343 silly gentlyRm C:\Users\lenovo\Desktop\node\hmx\hmx\node_modules\.staging\bootstrap-4521cbfb\node_modules is being purged
344 verbose gentlyRm don't care about contents; nuking C:\Users\lenovo\Desktop\node\hmx\hmx\node_modules\.staging\bootstrap-4521cbfb\node_modules
345 silly doParallel preinstall 1
346 silly preinstall bootstrap@3.3.7 C:\Users\lenovo\Desktop\node\hmx\hmx\node_modules\.staging\bootstrap-4521cbfb
347 info lifecycle bootstrap@3.3.7~preinstall: bootstrap@3.3.7
348 silly lifecycle bootstrap@3.3.7~preinstall: no script for preinstall, continuing
349 silly doReverseSerial remove 0
350 silly doSerial move 0
351 silly doSerial finalize 1
352 silly finalize C:\Users\lenovo\Desktop\node\hmx\hmx\node_modules\bootstrap
353 verbose unlock done using C:\Users\lenovo\AppData\Roaming\npm-cache\_locks\staging-888ca2eea50bdf9a.lock for C:\Users\lenovo\Desktop\node\hmx\hmx\node_modules\.staging
354 silly rollbackFailedOptional Starting
355 silly rollbackFailedOptional Finishing
356 silly runTopLevelLifecycles Finishing
357 silly install printInstalled
358 verbose stack Error: EPERM: operation not permitted, rename 'C:\Users\lenovo\Desktop\node\hmx\hmx\node_modules\.staging\bootstrap-4521cbfb' -> 'C:\Users\lenovo\Desktop\node\hmx\hmx\node_modules\bootstrap'
358 verbose stack     at destStatted (C:\Program Files\nodejs\node_modules\npm\lib\install\action\finalize.js:25:7)
358 verbose stack     at C:\Program Files\nodejs\node_modules\npm\node_modules\graceful-fs\polyfills.js:264:29
358 verbose stack     at FSReqWrap.oncomplete (fs.js:123:15)
358 verbose stack
358 verbose stack Error: EPERM: operation not permitted, rename 'C:\Users\lenovo\Desktop\node\hmx\hmx\node_modules\.staging\bootstrap-4521cbfb' -> 'C:\Users\lenovo\Desktop\node\hmx\hmx\node_modules\bootstrap'
358 verbose stack     at Error (native)
359 verbose cwd C:\Users\lenovo\Desktop\node\hmx\hmx
360 error Windows_NT 10.0.15063
361 error argv "C:\\Program Files\\nodejs\\node.exe" "C:\\Program Files\\nodejs\\node_modules\\npm\\bin\\npm-cli.js" "i" "bootstrap" "--save"
362 error node v6.11.3
363 error npm  v3.10.10
364 error path C:\Users\lenovo\Desktop\node\hmx\hmx\node_modules\.staging\bootstrap-4521cbfb
365 error code EPERM
366 error errno -4048
367 error syscall rename
368 error Error: EPERM: operation not permitted, rename 'C:\Users\lenovo\Desktop\node\hmx\hmx\node_modules\.staging\bootstrap-4521cbfb' -> 'C:\Users\lenovo\Desktop\node\hmx\hmx\node_modules\bootstrap'
368 error     at destStatted (C:\Program Files\nodejs\node_modules\npm\lib\install\action\finalize.js:25:7)
368 error     at C:\Program Files\nodejs\node_modules\npm\node_modules\graceful-fs\polyfills.js:264:29
368 error     at FSReqWrap.oncomplete (fs.js:123:15)
368 error
368 error Error: EPERM: operation not permitted, rename 'C:\Users\lenovo\Desktop\node\hmx\hmx\node_modules\.staging\bootstrap-4521cbfb' -> 'C:\Users\lenovo\Desktop\node\hmx\hmx\node_modules\bootstrap'
368 error     at Error (native)
368 error  { Error: EPERM: operation not permitted, rename 'C:\Users\lenovo\Desktop\node\hmx\hmx\node_modules\.staging\bootstrap-4521cbfb' -> 'C:\Users\lenovo\Desktop\node\hmx\hmx\node_modules\bootstrap'
368 error     at destStatted (C:\Program Files\nodejs\node_modules\npm\lib\install\action\finalize.js:25:7)
368 error     at C:\Program Files\nodejs\node_modules\npm\node_modules\graceful-fs\polyfills.js:264:29
368 error     at FSReqWrap.oncomplete (fs.js:123:15)
368 error
368 error Error: EPERM: operation not permitted, rename 'C:\Users\lenovo\Desktop\node\hmx\hmx\node_modules\.staging\bootstrap-4521cbfb' -> 'C:\Users\lenovo\Desktop\node\hmx\hmx\node_modules\bootstrap'
368 error     at Error (native) parent: 'hmx' }
369 error Please try running this command again as root/Administrator.
370 verbose exit [ -4048, true ]
